TN:
SF:src\modules\appointments\services\CreateAppointmentService.ts
FN:16,(anonymous_5)
FN:24,(anonymous_6)
FNF:2
FNH:2
FNDA:3,(anonymous_5)
FNDA:4,(anonymous_6)
DA:1,1
DA:2,1
DA:4,1
DA:15,1
DA:18,3
DA:21,3
DA:25,4
DA:27,4
DA:28,1
DA:31,3
DA:33,3
DA:37,3
DA:38,1
DA:41,2
DA:46,2
DA:50,1
LF:16
LH:16
BRDA:27,0,0,1
BRDA:27,0,1,3
BRDA:37,1,0,1
BRDA:37,1,1,2
BRF:4
BRH:4
end_of_record
TN:
SF:src\modules\users\services\AuthenticateUserService.ts
FN:22,(anonymous_5)
FN:30,(anonymous_6)
FNF:2
FNH:2
FNDA:3,(anonymous_5)
FNDA:3,(anonymous_6)
DA:1,1
DA:2,1
DA:4,1
DA:6,1
DA:21,1
DA:24,3
DA:27,3
DA:31,3
DA:33,3
DA:34,1
DA:37,2
DA:42,2
DA:43,1
DA:46,1
DA:48,1
DA:53,1
LF:16
LH:16
BRDA:33,0,0,1
BRDA:33,0,1,2
BRDA:42,1,0,1
BRDA:42,1,1,1
BRF:4
BRH:4
end_of_record
TN:
SF:src\modules\users\services\CreateUserService.ts
FN:16,(anonymous_5)
FN:24,(anonymous_6)
FNF:2
FNH:2
FNDA:8,(anonymous_5)
FNDA:7,(anonymous_6)
DA:1,3
DA:4,3
DA:15,3
DA:18,8
DA:21,8
DA:25,7
DA:27,7
DA:28,1
DA:31,6
DA:33,6
DA:39,6
LF:11
LH:11
BRDA:27,0,0,1
BRDA:27,0,1,6
BRF:2
BRH:2
end_of_record
TN:
SF:src\modules\users\services\ResetPasswordService.ts
FN:16,(anonymous_5)
FN:27,(anonymous_6)
FNF:2
FNH:2
FNDA:4,(anonymous_5)
FNDA:4,(anonymous_6)
DA:1,1
DA:2,1
DA:4,1
DA:15,1
DA:18,4
DA:21,4
DA:24,4
DA:28,4
DA:30,4
DA:31,1
DA:34,3
DA:36,3
DA:37,1
DA:40,2
DA:41,2
DA:43,2
DA:44,1
DA:47,1
DA:49,1
LF:19
LH:19
BRDA:30,0,0,1
BRDA:30,0,1,3
BRDA:36,1,0,1
BRDA:36,1,1,2
BRDA:43,2,0,1
BRDA:43,2,1,1
BRF:6
BRH:6
end_of_record
TN:
SF:src\modules\users\services\SendForgotPasswordEmailService.ts
FN:15,(anonymous_5)
FN:26,(anonymous_6)
FNF:2
FNH:2
FNDA:3,(anonymous_5)
FNDA:3,(anonymous_6)
DA:1,1
DA:2,1
DA:4,1
DA:14,1
DA:17,3
DA:20,3
DA:23,3
DA:27,3
DA:29,3
DA:30,1
DA:33,2
DA:35,2
DA:41,2
LF:13
LH:13
BRDA:29,0,0,1
BRDA:29,0,1,2
BRF:2
BRH:2
end_of_record
TN:
SF:src\modules\users\services\ShowProfileService.ts
FN:13,(anonymous_5)
FN:18,(anonymous_6)
FNF:2
FNH:2
FNDA:2,(anonymous_5)
FNDA:2,(anonymous_6)
DA:1,1
DA:4,1
DA:12,1
DA:15,2
DA:19,2
DA:21,2
DA:22,1
DA:25,1
LF:8
LH:8
BRDA:21,0,0,1
BRDA:21,0,1,1
BRF:2
BRH:2
end_of_record
TN:
SF:src\modules\users\services\UpdateProfileService.ts
FN:18,(anonymous_5)
FN:26,(anonymous_6)
FNF:2
FNH:2
FNDA:6,(anonymous_5)
FNDA:6,(anonymous_6)
DA:1,1
DA:4,1
DA:17,1
DA:20,6
DA:23,6
DA:33,6
DA:35,6
DA:36,1
DA:39,5
DA:41,5
DA:42,1
DA:45,4
DA:46,4
DA:48,4
DA:49,1
DA:54,3
DA:55,2
DA:60,2
DA:61,1
DA:64,1
DA:67,2
LF:21
LH:21
BRDA:35,0,0,1
BRDA:35,0,1,5
BRDA:41,1,0,1
BRDA:41,1,1,4
BRDA:41,2,0,5
BRDA:41,2,1,1
BRDA:48,3,0,1
BRDA:48,3,1,3
BRDA:48,4,0,4
BRDA:48,4,1,3
BRDA:54,5,0,2
BRDA:54,5,1,1
BRDA:54,6,0,3
BRDA:54,6,1,2
BRDA:60,7,0,1
BRDA:60,7,1,1
BRF:16
BRH:16
end_of_record
TN:
SF:src\modules\users\services\UpdateUserAvatarService.ts
FN:15,(anonymous_5)
FN:23,(anonymous_6)
FNF:2
FNH:2
FNDA:3,(anonymous_5)
FNDA:4,(anonymous_6)
DA:1,1
DA:4,1
DA:14,1
DA:17,3
DA:20,3
DA:24,4
DA:26,4
DA:27,1
DA:30,3
DA:31,1
DA:34,3
DA:36,3
DA:38,3
DA:40,3
LF:14
LH:14
BRDA:26,0,0,1
BRDA:26,0,1,3
BRDA:30,1,0,1
BRDA:30,1,1,2
BRF:4
BRH:4
end_of_record
